<?xml version="1.0" encoding="UTF-8"?>
<testsuite xmlns:xsi="http://www.w3.org/2001/XMLSchema-instance" name="io.graversen.rust.rcon.test.ConsoleToEventDigesterTest" time="0.094" tests="1" errors="1" skipped="0"
           failures="0">
  <properties>
[...]
</properties>
  <testcase name="testDigestChatMessageEvent_validation" classname="io.graversen.rust.rcon.test.ConsoleToEventDigesterTest" time="0.043">
    <error message="No match found" type="java.lang.IllegalStateException">java.lang.IllegalStateException: No match found
	at io.graversen.rust.rcon.test.ConsoleToEventDigesterTest.lambda$testDigestChatMessageEvent_validation$0(ConsoleToEventDigesterTest.java:28)
	at io.graversen.rust.rcon.test.ConsoleToEventDigesterTest.testDigestChatMessageEvent_validation(ConsoleToEventDigesterTest.java:28)
</error>
  </testcase>
</testsuite>